# JRE version: OpenJDK Runtime Environment (8.0_282-b08) (build 1.8.0_282-b08)
# Java VM: OpenJDK 64-Bit Server VM (25.282-b08 mixed mode windows-amd64 compressed oops)
Heap:
 PSYoungGen      total 71680K, used 4063K [0x00000000d5980000, 0x00000000df780000, 0x0000000100000000)
  eden space 66560K, 6% used [0x00000000d5980000,0x00000000d5d77e38,0x00000000d9a80000)
  from space 5120K, 0% used [0x00000000d9a80000,0x00000000d9a80000,0x00000000d9f80000)
  to   space 14336K, 0% used [0x00000000de980000,0x00000000de980000,0x00000000df780000)
 ParOldGen       total 79360K, used 20338K [0x0000000080c00000, 0x0000000085980000, 0x00000000d5980000)
  object space 79360K, 25% used [0x0000000080c00000,0x0000000081fdca90,0x0000000085980000)
 Metaspace       used 21285K, capacity 21588K, committed 21760K, reserved 1069056K
  class space    used 2697K, capacity 2768K, committed 2816K, reserved 1048576K
GC Heap History (10 events):
Event: 0.560 GC heap before
{Heap before GC invocations=2 (full 0):
 PSYoungGen      total 38400K, used 38374K [0x00000000d5980000, 0x00000000d8400000, 0x0000000100000000)
  eden space 33280K, 100% used [0x00000000d5980000,0x00000000d7a00000,0x00000000d7a00000)
  from space 5120K, 99% used [0x00000000d7a00000,0x00000000d7ef9ae0,0x00000000d7f00000)
  to   space 5120K, 0% used [0x00000000d7f00000,0x00000000d7f00000,0x00000000d8400000)
 ParOldGen       total 87552K, used 2379K [0x0000000080c00000, 0x0000000086180000, 0x00000000d5980000)
  object space 87552K, 2% used [0x0000000080c00000,0x0000000080e52de8,0x0000000086180000)
 Metaspace       used 8626K, capacity 8676K, committed 8832K, reserved 1056768K
  class space    used 1041K, capacity 1076K, committed 1152K, reserved 1048576K
Event: 0.568 GC heap after
Heap after GC invocations=2 (full 0):
 PSYoungGen      total 38400K, used 5099K [0x00000000d5980000, 0x00000000da480000, 0x0000000100000000)
  eden space 33280K, 0% used [0x00000000d5980000,0x00000000d5980000,0x00000000d7a00000)
  from space 5120K, 99% used [0x00000000d7f00000,0x00000000d83faff0,0x00000000d8400000)
  to   space 5120K, 0% used [0x00000000d7a00000,0x00000000d7a00000,0x00000000d7f00000)
 ParOldGen       total 87552K, used 12778K [0x0000000080c00000, 0x0000000086180000, 0x00000000d5980000)
  object space 87552K, 14% used [0x0000000080c00000,0x000000008187a878,0x0000000086180000)
 Metaspace       used 8626K, capacity 8676K, committed 8832K, reserved 1056768K
  class space    used 1041K, capacity 1076K, committed 1152K, reserved 1048576K
}
Event: 0.840 GC heap before
{Heap before GC invocations=3 (full 0):
 PSYoungGen      total 38400K, used 38379K [0x00000000d5980000, 0x00000000da480000, 0x0000000100000000)
  eden space 33280K, 100% used [0x00000000d5980000,0x00000000d7a00000,0x00000000d7a00000)
  from space 5120K, 99% used [0x00000000d7f00000,0x00000000d83faff0,0x00000000d8400000)
  to   space 5120K, 0% used [0x00000000d7a00000,0x00000000d7a00000,0x00000000d7f00000)
 ParOldGen       total 87552K, used 12778K [0x0000000080c00000, 0x0000000086180000, 0x00000000d5980000)
  object space 87552K, 14% used [0x0000000080c00000,0x000000008187a878,0x0000000086180000)
 Metaspace       used 12134K, capacity 12272K, committed 12416K, reserved 1060864K
  class space    used 1537K, capacity 1590K, committed 1664K, reserved 1048576K
Event: 0.849 GC heap after
Heap after GC invocations=3 (full 0):
 PSYoungGen      total 38400K, used 5104K [0x00000000d5980000, 0x00000000da480000, 0x0000000100000000)
  eden space 33280K, 0% used [0x00000000d5980000,0x00000000d5980000,0x00000000d7a00000)
  from space 5120K, 99% used [0x00000000d7a00000,0x00000000d7efc100,0x00000000d7f00000)
  to   space 5120K, 0% used [0x00000000d9f80000,0x00000000d9f80000,0x00000000da480000)
 ParOldGen       total 87552K, used 19093K [0x0000000080c00000, 0x0000000086180000, 0x00000000d5980000)
  object space 87552K, 21% used [0x0000000080c00000,0x0000000081ea5660,0x0000000086180000)
 Metaspace       used 12134K, capacity 12272K, committed 12416K, reserved 1060864K
  class space    used 1537K, capacity 1590K, committed 1664K, reserved 1048576K
}
Event: 1.177 GC heap before
{Heap before GC invocations=4 (full 0):
 PSYoungGen      total 38400K, used 38384K [0x00000000d5980000, 0x00000000da480000, 0x0000000100000000)
  eden space 33280K, 100% used [0x00000000d5980000,0x00000000d7a00000,0x00000000d7a00000)
  from space 5120K, 99% used [0x00000000d7a00000,0x00000000d7efc100,0x00000000d7f00000)
  to   space 5120K, 0% used [0x00000000d9f80000,0x00000000d9f80000,0x00000000da480000)
 ParOldGen       total 87552K, used 19093K [0x0000000080c00000, 0x0000000086180000, 0x00000000d5980000)
  object space 87552K, 21% used [0x0000000080c00000,0x0000000081ea5660,0x0000000086180000)
 Metaspace       used 16429K, capacity 16550K, committed 16768K, reserved 1064960K
  class space    used 2138K, capacity 2175K, committed 2176K, reserved 1048576K
Event: 1.183 GC heap after
Heap after GC invocations=4 (full 0):
 PSYoungGen      total 71680K, used 5120K [0x00000000d5980000, 0x00000000da480000, 0x0000000100000000)
  eden space 66560K, 0% used [0x00000000d5980000,0x00000000d5980000,0x00000000d9a80000)
  from space 5120K, 100% used [0x00000000d9f80000,0x00000000da480000,0x00000000da480000)
  to   space 5120K, 0% used [0x00000000d9a80000,0x00000000d9a80000,0x00000000d9f80000)
 ParOldGen       total 87552K, used 25498K [0x0000000080c00000, 0x0000000086180000, 0x00000000d5980000)
  object space 87552K, 29% used [0x0000000080c00000,0x00000000824e6810,0x0000000086180000)
 Metaspace       used 16429K, capacity 16550K, committed 16768K, reserved 1064960K
  class space    used 2138K, capacity 2175K, committed 2176K, reserved 1048576K
}
Event: 1.821 GC heap before
{Heap before GC invocations=5 (full 0):
 PSYoungGen      total 71680K, used 63578K [0x00000000d5980000, 0x00000000da480000, 0x0000000100000000)
  eden space 66560K, 87% used [0x00000000d5980000,0x00000000d92968c8,0x00000000d9a80000)
  from space 5120K, 100% used [0x00000000d9f80000,0x00000000da480000,0x00000000da480000)
  to   space 5120K, 0% used [0x00000000d9a80000,0x00000000d9a80000,0x00000000d9f80000)
 ParOldGen       total 87552K, used 25498K [0x0000000080c00000, 0x0000000086180000, 0x00000000d5980000)
  object space 87552K, 29% used [0x0000000080c00000,0x00000000824e6810,0x0000000086180000)
 Metaspace       used 20831K, capacity 21108K, committed 21248K, reserved 1067008K
  class space    used 2635K, capacity 2736K, committed 2816K, reserved 1048576K
Event: 1.829 GC heap after
Heap after GC invocations=5 (full 0):
 PSYoungGen      total 71680K, used 5104K [0x00000000d5980000, 0x00000000df780000, 0x0000000100000000)
  eden space 66560K, 0% used [0x00000000d5980000,0x00000000d5980000,0x00000000d9a80000)
  from space 5120K, 99% used [0x00000000d9a80000,0x00000000d9f7c020,0x00000000d9f80000)
  to   space 14336K, 0% used [0x00000000de980000,0x00000000de980000,0x00000000df780000)
 ParOldGen       total 87552K, used 31626K [0x0000000080c00000, 0x0000000086180000, 0x00000000d5980000)
  object space 87552K, 36% used [0x0000000080c00000,0x0000000082ae29b0,0x0000000086180000)
 Metaspace       used 20831K, capacity 21108K, committed 21248K, reserved 1067008K
  class space    used 2635K, capacity 2736K, committed 2816K, reserved 1048576K
}
Event: 1.829 GC heap before
{Heap before GC invocations=6 (full 1):
 PSYoungGen      total 71680K, used 5104K [0x00000000d5980000, 0x00000000df780000, 0x0000000100000000)
  eden space 66560K, 0% used [0x00000000d5980000,0x00000000d5980000,0x00000000d9a80000)
  from space 5120K, 99% used [0x00000000d9a80000,0x00000000d9f7c020,0x00000000d9f80000)
  to   space 14336K, 0% used [0x00000000de980000,0x00000000de980000,0x00000000df780000)
 ParOldGen       total 87552K, used 31626K [0x0000000080c00000, 0x0000000086180000, 0x00000000d5980000)
  object space 87552K, 36% used [0x0000000080c00000,0x0000000082ae29b0,0x0000000086180000)
 Metaspace       used 20831K, capacity 21108K, committed 21248K, reserved 1067008K
  class space    used 2635K, capacity 2736K, committed 2816K, reserved 1048576K
Event: 1.865 GC heap after
Heap after GC invocations=6 (full 1):
 PSYoungGen      total 71680K, used 0K [0x00000000d5980000, 0x00000000df780000, 0x0000000100000000)
  eden space 66560K, 0% used [0x00000000d5980000,0x00000000d5980000,0x00000000d9a80000)
  from space 5120K, 0% used [0x00000000d9a80000,0x00000000d9a80000,0x00000000d9f80000)
  to   space 14336K, 0% used [0x00000000de980000,0x00000000de980000,0x00000000df780000)
 ParOldGen       total 79360K, used 20338K [0x0000000080c00000, 0x0000000085980000, 0x00000000d5980000)
  object space 79360K, 25% used [0x0000000080c00000,0x0000000081fdca90,0x0000000085980000)
 Metaspace       used 20831K, capacity 21108K, committed 21248K, reserved 1067008K
  class space    used 2635K, capacity 2736K, committed 2816K, reserved 1048576K
}

